<?xml version="1.0" encoding="UTF-8"?>
<!-- Generated by org.testng.reporters.JUnitReportReporter -->
<testsuite skipped="0" hostname="PeterPC" name="com.nopcommerce.testCases.dataProvider" tests="4" failures="0" timestamp="2023-03-31T12:55:19 EDT" time="0.007" errors="0">
  <testcase name="testCaseData" time="0.000" classname="com.nopcommerce.testCases.dataProvider"/>
  <testcase name="testCaseData" time="0.001" classname="com.nopcommerce.testCases.dataProvider"/>
  <testcase name="testCaseData" time="0.005" classname="com.nopcommerce.testCases.dataProvider"/>
  <testcase name="testCaseData" time="0.001" classname="com.nopcommerce.testCases.dataProvider"/>
</testsuite> <!-- com.nopcommerce.testCases.dataProvider -->
